This file contains any messages produced by compilers while
running configure, to aid debugging if configure makes a mistake.

It was created by libupnp configure 1.6.6, which was
generated by GNU Autoconf 2.65.  Invocation command line was

  $ ./configure --host=mipsel-linux host_alias=mipsel-linux CC=/opt/buildroot-gcc342/bin/mipsel-linux-gcc CFLAGS= CXX= --no-create --no-recursion

## --------- ##
## Platform. ##
## --------- ##

hostname = worker
uname -m = x86_64
uname -r = 2.6.32-26-generic
uname -s = Linux
uname -v = #47-Ubuntu SMP Wed Nov 17 15:58:05 UTC 2010

/usr/bin/uname -p = unknown
/bin/uname -X     = unknown

/bin/arch              = unknown
/usr/bin/arch -k       = unknown
/usr/convex/getsysinfo = unknown
/usr/bin/hostinfo      = unknown
/bin/machine           = unknown
/usr/bin/oslevel       = unknown
/bin/universe          = unknown

PATH: /usr/local/sbin
PATH: /usr/local/bin
PATH: /usr/sbin
PATH: /usr/bin
PATH: /sbin
PATH: /bin
PATH: /usr/games
PATH: /usr/lib/git-core
PATH: /opt/surfmilo/cross-dev/usr/bin
PATH: /opt/sde6/bin
PATH: /opt/buildroot-gcc342/bin
PATH: /usr/lib/git-core
PATH: /opt/surfmilo/cross-dev/usr/bin
PATH: /opt/sde6/bin
PATH: /opt/buildroot-gcc342/bin
PATH: /home/steven/rt3352/RT288x_SDK_DLNA/source/tools


## ----------- ##
## Core tests. ##
## ----------- ##

configure:2666: checking for a BSD-compatible install
configure:2734: result: /usr/bin/install -c
configure:2745: checking whether build environment is sane
configure:2782: result: yes
configure:2844: checking for gawk
configure:2860: found /usr/bin/gawk
configure:2871: result: gawk
configure:2882: checking whether make sets $(MAKE)
configure:2904: result: yes
configure:2978: checking for mipsel-linux-strip
configure:3005: result: mipsel-linux-strip
configure:3091: checking build system type
configure:3105: result: x86_64-unknown-linux-gnu
configure:3125: checking host system type
configure:3138: result: mipsel-unknown-linux-gnu
configure:3205: checking for --enable-debug
configure:3213: result: no
configure:3247: checking for --enable-client
configure:3255: result: yes
configure:3276: checking for --enable-device
configure:3284: result: yes
configure:3308: checking for --enable-webserver
configure:3316: result: yes
configure:3348: checking for --enable-tools
configure:3356: result: yes
configure:3377: checking for --enable-samples
configure:3385: result: yes
configure:3408: checking for documentation directory
configure:3436: result: ${datarootdir}/doc/libupnp-1.6.6
configure:3451: checking for mipsel-linux-gcc
configure:3478: result: /opt/buildroot-gcc342/bin/mipsel-linux-gcc
configure:3747: checking for C compiler version
configure:3756: /opt/buildroot-gcc342/bin/mipsel-linux-gcc --version >&5
mipsel-linux-gcc (GCC) 3.4.2
Copyright (C) 2004 Free Software Foundation, Inc.
This is free software; see the source for copying conditions.  There is NO
warranty; not even for MERCHANTABILITY or FITNESS FOR A PARTICULAR PURPOSE.

configure:3767: $? = 0
configure:3756: /opt/buildroot-gcc342/bin/mipsel-linux-gcc -v >&5
Reading specs from /opt/buildroot-gcc342/bin/../lib/gcc/mipsel-linux-uclibc/3.4.2/specs
Configured with: /home/winfred/RT288x_SDK/toolchain/buildroot/toolchain_build_mipsel/gcc-3.4.2/configure --prefix=/home/winfred/RT288x_SDK/toolchain/buildroot-gdb --build=i386-pc-linux-gnu --host=i386-pc-linux-gnu --target=mipsel-linux-uclibc --enable-languages=c,c++ --disable-__cxa_atexit --enable-target-optspace --with-gnu-ld --disable-shared --disable-nls --enable-threads --enable-multilib --enable-sjlj-exceptions : (reconfigured) /home/winfred/RT288x_SDK/toolchain/buildroot/toolchain_build_mipsel/gcc-3.4.2/configure --prefix=/home/winfred/RT288x_SDK/toolchain/buildroot-gdb --build=i386-pc-linux-gnu --host=i386-pc-linux-gnu --target=mipsel-linux-uclibc --enable-languages=c,c++ --disable-__cxa_atexit --enable-target-optspace --with-gnu-ld --disable-shared --disable-nls --enable-threads --enable-multilib --enable-sjlj-exceptions
Thread model: posix
gcc version 3.4.2
configure:3767: $? = 0
configure:3756: /opt/buildroot-gcc342/bin/mipsel-linux-gcc -V >&5
mipsel-linux-gcc: `-V' option must have argument
configure:3767: $? = 1
configure:3756: /opt/buildroot-gcc342/bin/mipsel-linux-gcc -qversion >&5
mipsel-linux-gcc: unrecognized option `-qversion'
mipsel-linux-gcc: no input files
configure:3767: $? = 1
configure:3787: checking whether the C compiler works
configure:3809: /opt/buildroot-gcc342/bin/mipsel-linux-gcc    conftest.c  >&5
configure:3813: $? = 0
configure:3862: result: yes
configure:3865: checking for C compiler default output file name
configure:3867: result: a.out
configure:3873: checking for suffix of executables
configure:3880: /opt/buildroot-gcc342/bin/mipsel-linux-gcc -o conftest    conftest.c  >&5
configure:3884: $? = 0
configure:3906: result: 
configure:3928: checking whether we are cross compiling
configure:3936: /opt/buildroot-gcc342/bin/mipsel-linux-gcc -o conftest    conftest.c  >&5
configure:3940: $? = 0
configure:3947: ./conftest
./configure: line 3949: ./conftest: cannot execute binary file
configure:3951: $? = 126
configure:3966: result: yes
configure:3971: checking for suffix of object files
configure:3993: /opt/buildroot-gcc342/bin/mipsel-linux-gcc -c   conftest.c >&5
configure:3997: $? = 0
configure:4018: result: o
configure:4022: checking whether we are using the GNU C compiler
configure:4041: /opt/buildroot-gcc342/bin/mipsel-linux-gcc -c   conftest.c >&5
configure:4041: $? = 0
configure:4050: result: yes
configure:4059: checking whether /opt/buildroot-gcc342/bin/mipsel-linux-gcc accepts -g
configure:4079: /opt/buildroot-gcc342/bin/mipsel-linux-gcc -c -g  conftest.c >&5
configure:4079: $? = 0
configure:4120: result: yes
configure:4137: checking for /opt/buildroot-gcc342/bin/mipsel-linux-gcc option to accept ISO C89
configure:4201: /opt/buildroot-gcc342/bin/mipsel-linux-gcc  -c   conftest.c >&5
configure:4201: $? = 0
configure:4214: result: none needed
configure:4245: checking for style of include used by make
configure:4273: result: GNU
configure:4301: checking dependency style of /opt/buildroot-gcc342/bin/mipsel-linux-gcc
configure:4391: result: gcc3
configure:4409: checking whether /opt/buildroot-gcc342/bin/mipsel-linux-gcc and cc understand -c and -o together
configure:4440: /opt/buildroot-gcc342/bin/mipsel-linux-gcc -c conftest.c -o conftest2.o >&5
configure:4444: $? = 0
configure:4450: /opt/buildroot-gcc342/bin/mipsel-linux-gcc -c conftest.c -o conftest2.o >&5
configure:4454: $? = 0
configure:4465: cc -c conftest.c >&5
configure:4469: $? = 0
configure:4477: cc -c conftest.c -o conftest2.o >&5
configure:4481: $? = 0
configure:4487: cc -c conftest.c -o conftest2.o >&5
configure:4491: $? = 0
configure:4509: result: yes
configure:4604: checking for a sed that does not truncate output
configure:4658: result: /bin/sed
configure:4661: checking for grep that handles long lines and -e
configure:4719: result: /bin/grep
configure:4724: checking for egrep
configure:4786: result: /bin/grep -E
configure:4802: checking for ld used by /opt/buildroot-gcc342/bin/mipsel-linux-gcc
configure:4869: result: "/opt/buildroot-gcc342/bin"/mipsel-linux-uclibc-ld
configure:4876: checking if the linker ("/opt/buildroot-gcc342/bin"/mipsel-linux-uclibc-ld) is GNU ld
configure:4891: result: no
configure:4896: checking for "/opt/buildroot-gcc342/bin"/mipsel-linux-uclibc-ld option to reload object files
configure:4903: result: -r
configure:4921: checking for BSD-compatible nm
configure:4970: result: /opt/buildroot-gcc342/bin/mipsel-linux-nm -B
configure:4974: checking whether ln -s works
configure:4978: result: yes
configure:4985: checking how to recognise dependent libraries
configure:5161: result: pass_all
configure:5370: checking how to run the C preprocessor
configure:5401: /opt/buildroot-gcc342/bin/mipsel-linux-gcc -E  conftest.c
configure:5401: $? = 0
configure:5415: /opt/buildroot-gcc342/bin/mipsel-linux-gcc -E  conftest.c
conftest.c:21:28: ac_nonexistent.h: No such file or directory
configure:5415: $? = 1
configure: failed program was:
| /* confdefs.h */
| #define PACKAGE_NAME "libupnp"
| #define PACKAGE_TARNAME "libupnp"
| #define PACKAGE_VERSION "1.6.6"
| #define PACKAGE_STRING "libupnp 1.6.6"
| #define PACKAGE_BUGREPORT "mroberto@users.sourceforge.net"
| #define PACKAGE_URL ""
| #define PACKAGE "libupnp"
| #define VERSION "1.6.6"
| #define UPNP_VERSION_STRING "1.6.6"
| #define UPNP_VERSION_MAJOR 1
| #define UPNP_VERSION_MINOR 6
| #define UPNP_VERSION_PATCH 6
| #define NO_DEBUG 1
| #define NDEBUG 1
| #define UPNP_HAVE_CLIENT 1
| #define UPNP_HAVE_DEVICE 1
| #define UPNP_HAVE_WEBSERVER 1
| #define UPNP_HAVE_TOOLS 1
| /* end confdefs.h.  */
| #include <ac_nonexistent.h>
configure:5440: result: /opt/buildroot-gcc342/bin/mipsel-linux-gcc -E
configure:5460: /opt/buildroot-gcc342/bin/mipsel-linux-gcc -E  conftest.c
configure:5460: $? = 0
configure:5474: /opt/buildroot-gcc342/bin/mipsel-linux-gcc -E  conftest.c
conftest.c:21:28: ac_nonexistent.h: No such file or directory
configure:5474: $? = 1
configure: failed program was:
| /* confdefs.h */
| #define PACKAGE_NAME "libupnp"
| #define PACKAGE_TARNAME "libupnp"
| #define PACKAGE_VERSION "1.6.6"
| #define PACKAGE_STRING "libupnp 1.6.6"
| #define PACKAGE_BUGREPORT "mroberto@users.sourceforge.net"
| #define PACKAGE_URL ""
| #define PACKAGE "libupnp"
| #define VERSION "1.6.6"
| #define UPNP_VERSION_STRING "1.6.6"
| #define UPNP_VERSION_MAJOR 1
| #define UPNP_VERSION_MINOR 6
| #define UPNP_VERSION_PATCH 6
| #define NO_DEBUG 1
| #define NDEBUG 1
| #define UPNP_HAVE_CLIENT 1
| #define UPNP_HAVE_DEVICE 1
| #define UPNP_HAVE_WEBSERVER 1
| #define UPNP_HAVE_TOOLS 1
| /* end confdefs.h.  */
| #include <ac_nonexistent.h>
configure:5503: checking for ANSI C header files
configure:5523: /opt/buildroot-gcc342/bin/mipsel-linux-gcc -c   conftest.c >&5
configure:5523: $? = 0
configure:5607: result: yes
configure:5620: checking for sys/types.h
configure:5620: /opt/buildroot-gcc342/bin/mipsel-linux-gcc -c   conftest.c >&5
configure:5620: $? = 0
configure:5620: result: yes
configure:5620: checking for sys/stat.h
configure:5620: /opt/buildroot-gcc342/bin/mipsel-linux-gcc -c   conftest.c >&5
configure:5620: $? = 0
configure:5620: result: yes
configure:5620: checking for stdlib.h
configure:5620: /opt/buildroot-gcc342/bin/mipsel-linux-gcc -c   conftest.c >&5
configure:5620: $? = 0
configure:5620: result: yes
configure:5620: checking for string.h
configure:5620: /opt/buildroot-gcc342/bin/mipsel-linux-gcc -c   conftest.c >&5
configure:5620: $? = 0
configure:5620: result: yes
configure:5620: checking for memory.h
configure:5620: /opt/buildroot-gcc342/bin/mipsel-linux-gcc -c   conftest.c >&5
configure:5620: $? = 0
configure:5620: result: yes
configure:5620: checking for strings.h
configure:5620: /opt/buildroot-gcc342/bin/mipsel-linux-gcc -c   conftest.c >&5
configure:5620: $? = 0
configure:5620: result: yes
configure:5620: checking for inttypes.h
configure:5620: /opt/buildroot-gcc342/bin/mipsel-linux-gcc -c   conftest.c >&5
configure:5620: $? = 0
configure:5620: result: yes
configure:5620: checking for stdint.h
configure:5620: /opt/buildroot-gcc342/bin/mipsel-linux-gcc -c   conftest.c >&5
configure:5620: $? = 0
configure:5620: result: yes
configure:5620: checking for unistd.h
configure:5620: /opt/buildroot-gcc342/bin/mipsel-linux-gcc -c   conftest.c >&5
configure:5620: $? = 0
configure:5620: result: yes
configure:5635: checking dlfcn.h usability
configure:5635: /opt/buildroot-gcc342/bin/mipsel-linux-gcc -c   conftest.c >&5
configure:5635: $? = 0
configure:5635: result: yes
configure:5635: checking dlfcn.h presence
configure:5635: /opt/buildroot-gcc342/bin/mipsel-linux-gcc -E  conftest.c
configure:5635: $? = 0
configure:5635: result: yes
configure:5635: checking for dlfcn.h
configure:5635: result: yes
configure:5659: checking for mipsel-linux-g++
configure:5675: found /opt/buildroot-gcc342/bin/mipsel-linux-g++
configure:5686: result: mipsel-linux-g++
configure:5757: checking for C++ compiler version
configure:5766: mipsel-linux-g++ --version >&5
mipsel-linux-g++ (GCC) 3.4.2
Copyright (C) 2004 Free Software Foundation, Inc.
This is free software; see the source for copying conditions.  There is NO
warranty; not even for MERCHANTABILITY or FITNESS FOR A PARTICULAR PURPOSE.

configure:5777: $? = 0
configure:5766: mipsel-linux-g++ -v >&5
Reading specs from /opt/buildroot-gcc342/bin/../lib/gcc/mipsel-linux-uclibc/3.4.2/specs
Configured with: /home/winfred/RT288x_SDK/toolchain/buildroot/toolchain_build_mipsel/gcc-3.4.2/configure --prefix=/home/winfred/RT288x_SDK/toolchain/buildroot-gdb --build=i386-pc-linux-gnu --host=i386-pc-linux-gnu --target=mipsel-linux-uclibc --enable-languages=c,c++ --disable-__cxa_atexit --enable-target-optspace --with-gnu-ld --disable-shared --disable-nls --enable-threads --enable-multilib --enable-sjlj-exceptions : (reconfigured) /home/winfred/RT288x_SDK/toolchain/buildroot/toolchain_build_mipsel/gcc-3.4.2/configure --prefix=/home/winfred/RT288x_SDK/toolchain/buildroot-gdb --build=i386-pc-linux-gnu --host=i386-pc-linux-gnu --target=mipsel-linux-uclibc --enable-languages=c,c++ --disable-__cxa_atexit --enable-target-optspace --with-gnu-ld --disable-shared --disable-nls --enable-threads --enable-multilib --enable-sjlj-exceptions
Thread model: posix
gcc version 3.4.2
configure:5777: $? = 0
configure:5766: mipsel-linux-g++ -V >&5
mipsel-linux-g++: `-V' option must have argument
configure:5777: $? = 1
configure:5766: mipsel-linux-g++ -qversion >&5
mipsel-linux-g++: unrecognized option `-qversion'
mipsel-linux-g++: no input files
configure:5777: $? = 1
configure:5781: checking whether we are using the GNU C++ compiler
configure:5800: mipsel-linux-g++ -c   conftest.cpp >&5
configure:5800: $? = 0
configure:5809: result: yes
configure:5818: checking whether mipsel-linux-g++ accepts -g
configure:5838: mipsel-linux-g++ -c -g  conftest.cpp >&5
configure:5838: $? = 0
configure:5879: result: yes
configure:5904: checking dependency style of mipsel-linux-g++
configure:5994: result: gcc3
configure:6021: checking how to run the C++ preprocessor
configure:6048: mipsel-linux-g++ -E  conftest.cpp
configure:6048: $? = 0
configure:6062: mipsel-linux-g++ -E  conftest.cpp
conftest.cpp:32:28: ac_nonexistent.h: No such file or directory
configure:6062: $? = 1
configure: failed program was:
| /* confdefs.h */
| #define PACKAGE_NAME "libupnp"
| #define PACKAGE_TARNAME "libupnp"
| #define PACKAGE_VERSION "1.6.6"
| #define PACKAGE_STRING "libupnp 1.6.6"
| #define PACKAGE_BUGREPORT "mroberto@users.sourceforge.net"
| #define PACKAGE_URL ""
| #define PACKAGE "libupnp"
| #define VERSION "1.6.6"
| #define UPNP_VERSION_STRING "1.6.6"
| #define UPNP_VERSION_MAJOR 1
| #define UPNP_VERSION_MINOR 6
| #define UPNP_VERSION_PATCH 6
| #define NO_DEBUG 1
| #define NDEBUG 1
| #define UPNP_HAVE_CLIENT 1
| #define UPNP_HAVE_DEVICE 1
| #define UPNP_HAVE_WEBSERVER 1
| #define UPNP_HAVE_TOOLS 1
| #define STDC_HEADERS 1
| #define HAVE_SYS_TYPES_H 1
| #define HAVE_SYS_STAT_H 1
| #define HAVE_STDLIB_H 1
| #define HAVE_STRING_H 1
| #define HAVE_MEMORY_H 1
| #define HAVE_STRINGS_H 1
| #define HAVE_INTTYPES_H 1
| #define HAVE_STDINT_H 1
| #define HAVE_UNISTD_H 1
| #define HAVE_DLFCN_H 1
| /* end confdefs.h.  */
| #include <ac_nonexistent.h>
configure:6087: result: mipsel-linux-g++ -E
configure:6107: mipsel-linux-g++ -E  conftest.cpp
configure:6107: $? = 0
configure:6121: mipsel-linux-g++ -E  conftest.cpp
conftest.cpp:32:28: ac_nonexistent.h: No such file or directory
configure:6121: $? = 1
configure: failed program was:
| /* confdefs.h */
| #define PACKAGE_NAME "libupnp"
| #define PACKAGE_TARNAME "libupnp"
| #define PACKAGE_VERSION "1.6.6"
| #define PACKAGE_STRING "libupnp 1.6.6"
| #define PACKAGE_BUGREPORT "mroberto@users.sourceforge.net"
| #define PACKAGE_URL ""
| #define PACKAGE "libupnp"
| #define VERSION "1.6.6"
| #define UPNP_VERSION_STRING "1.6.6"
| #define UPNP_VERSION_MAJOR 1
| #define UPNP_VERSION_MINOR 6
| #define UPNP_VERSION_PATCH 6
| #define NO_DEBUG 1
| #define NDEBUG 1
| #define UPNP_HAVE_CLIENT 1
| #define UPNP_HAVE_DEVICE 1
| #define UPNP_HAVE_WEBSERVER 1
| #define UPNP_HAVE_TOOLS 1
| #define STDC_HEADERS 1
| #define HAVE_SYS_TYPES_H 1
| #define HAVE_SYS_STAT_H 1
| #define HAVE_STDLIB_H 1
| #define HAVE_STRING_H 1
| #define HAVE_MEMORY_H 1
| #define HAVE_STRINGS_H 1
| #define HAVE_INTTYPES_H 1
| #define HAVE_STDINT_H 1
| #define HAVE_UNISTD_H 1
| #define HAVE_DLFCN_H 1
| /* end confdefs.h.  */
| #include <ac_nonexistent.h>
configure:6161: checking for mipsel-linux-g77
configure:6191: result: no
configure:6161: checking for mipsel-linux-xlf
configure:6191: result: no
configure:6161: checking for mipsel-linux-f77
configure:6191: result: no
configure:6161: checking for mipsel-linux-frt
configure:6191: result: no
configure:6161: checking for mipsel-linux-pgf77
configure:6191: result: no
configure:6161: checking for mipsel-linux-cf77
configure:6191: result: no
configure:6161: checking for mipsel-linux-fort77
configure:6191: result: no
configure:6161: checking for mipsel-linux-fl32
configure:6191: result: no
configure:6161: checking for mipsel-linux-af77
configure:6191: result: no
configure:6161: checking for mipsel-linux-xlf90
configure:6191: result: no
configure:6161: checking for mipsel-linux-f90
configure:6191: result: no
configure:6161: checking for mipsel-linux-pgf90
configure:6191: result: no
configure:6161: checking for mipsel-linux-pghpf
configure:6191: result: no
configure:6161: checking for mipsel-linux-epcf90
configure:6191: result: no
configure:6161: checking for mipsel-linux-gfortran
configure:6191: result: no
configure:6161: checking for mipsel-linux-g95
configure:6191: result: no
configure:6161: checking for mipsel-linux-xlf95
configure:6191: result: no
configure:6161: checking for mipsel-linux-f95
configure:6191: result: no
configure:6161: checking for mipsel-linux-fort
configure:6191: result: no
configure:6161: checking for mipsel-linux-ifort
configure:6191: result: no
configure:6161: checking for mipsel-linux-ifc
configure:6191: result: no
configure:6161: checking for mipsel-linux-efc
configure:6191: result: no
configure:6161: checking for mipsel-linux-pgf95
configure:6191: result: no
configure:6161: checking for mipsel-linux-lf95
configure:6191: result: no
configure:6161: checking for mipsel-linux-ftn
configure:6191: result: no
configure:6205: checking for g77
configure:6235: result: no
configure:6205: checking for xlf
configure:6235: result: no
configure:6205: checking for f77
configure:6235: result: no
configure:6205: checking for frt
configure:6235: result: no
configure:6205: checking for pgf77
configure:6235: result: no
configure:6205: checking for cf77
configure:6235: result: no
configure:6205: checking for fort77
configure:6235: result: no
configure:6205: checking for fl32
configure:6235: result: no
configure:6205: checking for af77
configure:6235: result: no
configure:6205: checking for xlf90
configure:6235: result: no
configure:6205: checking for f90
configure:6235: result: no
configure:6205: checking for pgf90
configure:6235: result: no
configure:6205: checking for pghpf
configure:6235: result: no
configure:6205: checking for epcf90
configure:6235: result: no
configure:6205: checking for gfortran
configure:6235: result: no
configure:6205: checking for g95
configure:6235: result: no
configure:6205: checking for xlf95
configure:6235: result: no
configure:6205: checking for f95
configure:6235: result: no
configure:6205: checking for fort
configure:6235: result: no
configure:6205: checking for ifort
configure:6235: result: no
configure:6205: checking for ifc
configure:6235: result: no
configure:6205: checking for efc
configure:6235: result: no
configure:6205: checking for pgf95
configure:6235: result: no
configure:6205: checking for lf95
configure:6235: result: no
configure:6205: checking for ftn
configure:6235: result: no
configure:6258: checking for Fortran 77 compiler version
configure:6267:  --version >&5
./configure: line 6269: --version: command not found
configure:6278: $? = 127
configure:6267:  -v >&5
./configure: line 6269: -v: command not found
configure:6278: $? = 127
configure:6267:  -V >&5
./configure: line 6269: -V: command not found
configure:6278: $? = 127
configure:6267:  -qversion >&5
./configure: line 6269: -qversion: command not found
configure:6278: $? = 127
configure:6287: checking whether we are using the GNU Fortran 77 compiler
configure:6300:  -c  conftest.F >&5
./configure: line 2142: -c: command not found
configure:6300: $? = 127
configure: failed program was:
|       program main
| #ifndef __GNUC__
|        choke me
| #endif
| 
|       end
configure:6309: result: no
configure:6315: checking whether  accepts -g
configure:6326:  -c -g conftest.f >&5
./configure: line 2142: -c: command not found
configure:6326: $? = 127
configure: failed program was:
|       program main
| 
|       end
configure:6334: result: no
configure:6368: checking the maximum length of command line arguments
configure:6477: result: 32768
configure:6488: checking command to parse /opt/buildroot-gcc342/bin/mipsel-linux-nm -B output from /opt/buildroot-gcc342/bin/mipsel-linux-gcc object
configure:6593: /opt/buildroot-gcc342/bin/mipsel-linux-gcc -c   conftest.c >&5
configure:6596: $? = 0
configure:6600: /opt/buildroot-gcc342/bin/mipsel-linux-nm -B conftest.o \| sed -n -e 's/^.*[ 	]\([ABCDGIRSTW][ABCDGIRSTW]*\)[ 	][ 	]*\([_A-Za-z][_A-Za-z0-9]*\)$/\1 \2 \2/p' \> conftest.nm
configure:6603: $? = 0
configure:6655: /opt/buildroot-gcc342/bin/mipsel-linux-gcc -o conftest    conftest.c conftstm.o >&5
configure:6658: $? = 0
configure:6696: result: ok
configure:6700: checking for objdir
configure:6715: result: .libs
configure:6767: checking for mipsel-linux-ar
configure:6794: result: mipsel-linux-ar
configure:6859: checking for mipsel-linux-ranlib
configure:6886: result: mipsel-linux-ranlib
configure:6951: checking for mipsel-linux-strip
configure:6978: result: mipsel-linux-strip
configure:7300: checking if /opt/buildroot-gcc342/bin/mipsel-linux-gcc supports -fno-rtti -fno-exceptions
configure:7318: /opt/buildroot-gcc342/bin/mipsel-linux-gcc -c   -fno-rtti -fno-exceptions conftest.c >&5
cc1: warning: command line option "-fno-rtti" is valid for C++/ObjC++ but not for C
configure:7322: $? = 0
configure:7335: result: no
configure:7350: checking for /opt/buildroot-gcc342/bin/mipsel-linux-gcc option to produce PIC
configure:7560: result: -fPIC
configure:7568: checking if /opt/buildroot-gcc342/bin/mipsel-linux-gcc PIC flag -fPIC works
configure:7586: /opt/buildroot-gcc342/bin/mipsel-linux-gcc -c   -fPIC -DPIC conftest.c >&5
configure:7590: $? = 0
configure:7603: result: yes
configure:7631: checking if /opt/buildroot-gcc342/bin/mipsel-linux-gcc static flag -static works
configure:7659: result: yes
configure:7669: checking if /opt/buildroot-gcc342/bin/mipsel-linux-gcc supports -c -o file.o
configure:7690: /opt/buildroot-gcc342/bin/mipsel-linux-gcc -c   -o out/conftest2.o conftest.c >&5
configure:7694: $? = 0
configure:7716: result: yes
configure:7742: checking whether the /opt/buildroot-gcc342/bin/mipsel-linux-gcc linker ("/opt/buildroot-gcc342/bin"/mipsel-linux-uclibc-ld) supports shared libraries
configure:8642: result: no
configure:8709: checking dynamic linker characteristics
configure:9297: result: GNU/Linux ld.so
configure:9306: checking how to hardcode library paths into programs
configure:9331: result: unsupported
configure:9345: checking whether stripping libraries is possible
configure:9350: result: yes
configure:9866: checking if libtool supports shared libraries
configure:9868: result: no
configure:9871: checking whether to build shared libraries
configure:9892: result: no
configure:9895: checking whether to build static libraries
configure:9899: result: yes
configure:9991: creating libtool
configure:10575: checking for ld used by mipsel-linux-g++
configure:10642: result: "/opt/buildroot-gcc342/bin"/mipsel-linux-uclibc-ld
configure:10649: checking if the linker ("/opt/buildroot-gcc342/bin"/mipsel-linux-uclibc-ld) is GNU ld
configure:10664: result: no
configure:10715: checking whether the mipsel-linux-g++ linker ("/opt/buildroot-gcc342/bin"/mipsel-linux-uclibc-ld) supports shared libraries
configure:11595: result: yes
configure:11613: mipsel-linux-g++ -c -g -O2  conftest.cpp >&5
configure:11616: $? = 0
configure:11735: checking for mipsel-linux-g++ option to produce PIC
configure:12009: result: -fPIC
configure:12017: checking if mipsel-linux-g++ PIC flag -fPIC works
configure:12035: mipsel-linux-g++ -c -g -O2  -fPIC -DPIC conftest.cpp >&5
configure:12039: $? = 0
configure:12052: result: yes
configure:12080: checking if mipsel-linux-g++ static flag -static works
configure:12108: result: yes
configure:12118: checking if mipsel-linux-g++ supports -c -o file.o
configure:12139: mipsel-linux-g++ -c -g -O2  -o out/conftest2.o conftest.cpp >&5
configure:12143: $? = 0
configure:12165: result: yes
configure:12191: checking whether the mipsel-linux-g++ linker ("/opt/buildroot-gcc342/bin"/mipsel-linux-uclibc-ld) supports shared libraries
configure:12216: result: yes
configure:12283: checking dynamic linker characteristics
configure:12871: result: GNU/Linux ld.so
configure:12880: checking how to hardcode library paths into programs
configure:12905: result: unsupported
configure:18942: checking whether make sets $(MAKE)
configure:18964: result: yes
configure:18973: checking for egrep
configure:19035: result: /bin/grep -E
configure:19123: checking CFLAGS for gcc -Os
configure:19150: /opt/buildroot-gcc342/bin/mipsel-linux-gcc -c  -pedantic -Werror  -Os  conftest.c >&5
configure:19150: $? = 0
configure:19164: result: -Os
configure:19176: : CFLAGS="$CFLAGS $ac_cv_cflags_gcc_option__Os"
configure:19179: $? = 0
configure:19190: checking CFLAGS for maximum warnings
configure:19217: /opt/buildroot-gcc342/bin/mipsel-linux-gcc -c  -Os -pedantic  -Wall  conftest.c >&5
configure:19217: $? = 0
configure:19231: result: -Wall
configure:19244: : CFLAGS="$CFLAGS $ac_cv_cflags_warn_all"
configure:19247: $? = 0
configure:19260: checking for size_t
configure:19260: /opt/buildroot-gcc342/bin/mipsel-linux-gcc -c  -Os -Wall  conftest.c >&5
configure:19260: $? = 0
configure:19260: /opt/buildroot-gcc342/bin/mipsel-linux-gcc -c  -Os -Wall  conftest.c >&5
conftest.c: In function `main':
conftest.c:68: error: parse error before ')' token
configure:19260: $? = 1
configure: failed program was:
| /* confdefs.h */
| #define PACKAGE_NAME "libupnp"
| #define PACKAGE_TARNAME "libupnp"
| #define PACKAGE_VERSION "1.6.6"
| #define PACKAGE_STRING "libupnp 1.6.6"
| #define PACKAGE_BUGREPORT "mroberto@users.sourceforge.net"
| #define PACKAGE_URL ""
| #define PACKAGE "libupnp"
| #define VERSION "1.6.6"
| #define UPNP_VERSION_STRING "1.6.6"
| #define UPNP_VERSION_MAJOR 1
| #define UPNP_VERSION_MINOR 6
| #define UPNP_VERSION_PATCH 6
| #define NO_DEBUG 1
| #define NDEBUG 1
| #define UPNP_HAVE_CLIENT 1
| #define UPNP_HAVE_DEVICE 1
| #define UPNP_HAVE_WEBSERVER 1
| #define UPNP_HAVE_TOOLS 1
| #define STDC_HEADERS 1
| #define HAVE_SYS_TYPES_H 1
| #define HAVE_SYS_STAT_H 1
| #define HAVE_STDLIB_H 1
| #define HAVE_STRING_H 1
| #define HAVE_MEMORY_H 1
| #define HAVE_STRINGS_H 1
| #define HAVE_INTTYPES_H 1
| #define HAVE_STDINT_H 1
| #define HAVE_UNISTD_H 1
| #define HAVE_DLFCN_H 1
| /* end confdefs.h.  */
| #include <stdio.h>
| #ifdef HAVE_SYS_TYPES_H
| # include <sys/types.h>
| #endif
| #ifdef HAVE_SYS_STAT_H
| # include <sys/stat.h>
| #endif
| #ifdef STDC_HEADERS
| # include <stdlib.h>
| # include <stddef.h>
| #else
| # ifdef HAVE_STDLIB_H
| #  include <stdlib.h>
| # endif
| #endif
| #ifdef HAVE_STRING_H
| # if !defined STDC_HEADERS && defined HAVE_MEMORY_H
| #  include <memory.h>
| # endif
| # include <string.h>
| #endif
| #ifdef HAVE_STRINGS_H
| # include <strings.h>
| #endif
| #ifdef HAVE_INTTYPES_H
| # include <inttypes.h>
| #endif
| #ifdef HAVE_STDINT_H
| # include <stdint.h>
| #endif
| #ifdef HAVE_UNISTD_H
| # include <unistd.h>
| #endif
| int
| main ()
| {
| if (sizeof ((size_t)))
| 	    return 0;
|   ;
|   return 0;
| }
configure:19260: result: yes
configure:19271: checking for off_t
configure:19271: /opt/buildroot-gcc342/bin/mipsel-linux-gcc -c  -Os -Wall  conftest.c >&5
configure:19271: $? = 0
configure:19271: /opt/buildroot-gcc342/bin/mipsel-linux-gcc -c  -Os -Wall  conftest.c >&5
conftest.c: In function `main':
conftest.c:68: error: parse error before ')' token
configure:19271: $? = 1
configure: failed program was:
| /* confdefs.h */
| #define PACKAGE_NAME "libupnp"
| #define PACKAGE_TARNAME "libupnp"
| #define PACKAGE_VERSION "1.6.6"
| #define PACKAGE_STRING "libupnp 1.6.6"
| #define PACKAGE_BUGREPORT "mroberto@users.sourceforge.net"
| #define PACKAGE_URL ""
| #define PACKAGE "libupnp"
| #define VERSION "1.6.6"
| #define UPNP_VERSION_STRING "1.6.6"
| #define UPNP_VERSION_MAJOR 1
| #define UPNP_VERSION_MINOR 6
| #define UPNP_VERSION_PATCH 6
| #define NO_DEBUG 1
| #define NDEBUG 1
| #define UPNP_HAVE_CLIENT 1
| #define UPNP_HAVE_DEVICE 1
| #define UPNP_HAVE_WEBSERVER 1
| #define UPNP_HAVE_TOOLS 1
| #define STDC_HEADERS 1
| #define HAVE_SYS_TYPES_H 1
| #define HAVE_SYS_STAT_H 1
| #define HAVE_STDLIB_H 1
| #define HAVE_STRING_H 1
| #define HAVE_MEMORY_H 1
| #define HAVE_STRINGS_H 1
| #define HAVE_INTTYPES_H 1
| #define HAVE_STDINT_H 1
| #define HAVE_UNISTD_H 1
| #define HAVE_DLFCN_H 1
| /* end confdefs.h.  */
| #include <stdio.h>
| #ifdef HAVE_SYS_TYPES_H
| # include <sys/types.h>
| #endif
| #ifdef HAVE_SYS_STAT_H
| # include <sys/stat.h>
| #endif
| #ifdef STDC_HEADERS
| # include <stdlib.h>
| # include <stddef.h>
| #else
| # ifdef HAVE_STDLIB_H
| #  include <stdlib.h>
| # endif
| #endif
| #ifdef HAVE_STRING_H
| # if !defined STDC_HEADERS && defined HAVE_MEMORY_H
| #  include <memory.h>
| # endif
| # include <string.h>
| #endif
| #ifdef HAVE_STRINGS_H
| # include <strings.h>
| #endif
| #ifdef HAVE_INTTYPES_H
| # include <inttypes.h>
| #endif
| #ifdef HAVE_STDINT_H
| # include <stdint.h>
| #endif
| #ifdef HAVE_UNISTD_H
| # include <unistd.h>
| #endif
| int
| main ()
| {
| if (sizeof ((off_t)))
| 	    return 0;
|   ;
|   return 0;
| }
configure:19271: result: yes
configure:19293: checking for ANSI C header files
configure:19397: result: yes
configure:19425: checking arpa/inet.h usability
configure:19425: /opt/buildroot-gcc342/bin/mipsel-linux-gcc -c  -Os -Wall  conftest.c >&5
configure:19425: $? = 0
configure:19425: result: yes
configure:19425: checking arpa/inet.h presence
configure:19425: /opt/buildroot-gcc342/bin/mipsel-linux-gcc -E  conftest.c
configure:19425: $? = 0
configure:19425: result: yes
configure:19425: checking for arpa/inet.h
configure:19425: result: yes
configure:19425: checking fcntl.h usability
configure:19425: /opt/buildroot-gcc342/bin/mipsel-linux-gcc -c  -Os -Wall  conftest.c >&5
configure:19425: $? = 0
configure:19425: result: yes
configure:19425: checking fcntl.h presence
configure:19425: /opt/buildroot-gcc342/bin/mipsel-linux-gcc -E  conftest.c
configure:19425: $? = 0
configure:19425: result: yes
configure:19425: checking for fcntl.h
configure:19425: result: yes
configure:19425: checking for inttypes.h
configure:19425: result: yes
configure:19425: checking limits.h usability
configure:19425: /opt/buildroot-gcc342/bin/mipsel-linux-gcc -c  -Os -Wall  conftest.c >&5
configure:19425: $? = 0
configure:19425: result: yes
configure:19425: checking limits.h presence
configure:19425: /opt/buildroot-gcc342/bin/mipsel-linux-gcc -E  conftest.c
configure:19425: $? = 0
configure:19425: result: yes
configure:19425: checking for limits.h
configure:19425: result: yes
configure:19425: checking netdb.h usability
configure:19425: /opt/buildroot-gcc342/bin/mipsel-linux-gcc -c  -Os -Wall  conftest.c >&5
configure:19425: $? = 0
configure:19425: result: yes
configure:19425: checking netdb.h presence
configure:19425: /opt/buildroot-gcc342/bin/mipsel-linux-gcc -E  conftest.c
configure:19425: $? = 0
configure:19425: result: yes
configure:19425: checking for netdb.h
configure:19425: result: yes
configure:19425: checking netinet/in.h usability
configure:19425: /opt/buildroot-gcc342/bin/mipsel-linux-gcc -c  -Os -Wall  conftest.c >&5
configure:19425: $? = 0
configure:19425: result: yes
configure:19425: checking netinet/in.h presence
configure:19425: /opt/buildroot-gcc342/bin/mipsel-linux-gcc -E  conftest.c
configure:19425: $? = 0
configure:19425: result: yes
configure:19425: checking for netinet/in.h
configure:19425: result: yes
configure:19425: checking for stdlib.h
configure:19425: result: yes
configure:19425: checking for string.h
configure:19425: result: yes
configure:19425: checking sys/ioctl.h usability
configure:19425: /opt/buildroot-gcc342/bin/mipsel-linux-gcc -c  -Os -Wall  conftest.c >&5
configure:19425: $? = 0
configure:19425: result: yes
configure:19425: checking sys/ioctl.h presence
configure:19425: /opt/buildroot-gcc342/bin/mipsel-linux-gcc -E  conftest.c
configure:19425: $? = 0
configure:19425: result: yes
configure:19425: checking for sys/ioctl.h
configure:19425: result: yes
configure:19425: checking sys/socket.h usability
configure:19425: /opt/buildroot-gcc342/bin/mipsel-linux-gcc -c  -Os -Wall  conftest.c >&5
configure:19425: $? = 0
configure:19425: result: yes
configure:19425: checking sys/socket.h presence
configure:19425: /opt/buildroot-gcc342/bin/mipsel-linux-gcc -E  conftest.c
configure:19425: $? = 0
configure:19425: result: yes
configure:19425: checking for sys/socket.h
configure:19425: result: yes
configure:19425: checking sys/time.h usability
configure:19425: /opt/buildroot-gcc342/bin/mipsel-linux-gcc -c  -Os -Wall  conftest.c >&5
configure:19425: $? = 0
configure:19425: result: yes
configure:19425: checking sys/time.h presence
configure:19425: /opt/buildroot-gcc342/bin/mipsel-linux-gcc -E  conftest.c
configure:19425: $? = 0
configure:19425: result: yes
configure:19425: checking for sys/time.h
configure:19425: result: yes
configure:19425: checking sys/timeb.h usability
configure:19425: /opt/buildroot-gcc342/bin/mipsel-linux-gcc -c  -Os -Wall  conftest.c >&5
configure:19425: $? = 0
configure:19425: result: yes
configure:19425: checking sys/timeb.h presence
configure:19425: /opt/buildroot-gcc342/bin/mipsel-linux-gcc -E  conftest.c
configure:19425: $? = 0
configure:19425: result: yes
configure:19425: checking for sys/timeb.h
configure:19425: result: yes
configure:19425: checking syslog.h usability
configure:19425: /opt/buildroot-gcc342/bin/mipsel-linux-gcc -c  -Os -Wall  conftest.c >&5
configure:19425: $? = 0
configure:19425: result: yes
configure:19425: checking syslog.h presence
configure:19425: /opt/buildroot-gcc342/bin/mipsel-linux-gcc -E  conftest.c
configure:19425: $? = 0
configure:19425: result: yes
configure:19425: checking for syslog.h
configure:19425: result: yes
configure:19425: checking for unistd.h
configure:19425: result: yes
configure:19443: checking for an ANSI C-conforming const
configure:19508: /opt/buildroot-gcc342/bin/mipsel-linux-gcc -c  -Os -Wall  conftest.c >&5
conftest.c: In function `main':
conftest.c:94: warning: 'b' might be used uninitialized in this function
conftest.c:75: warning: 't' might be used uninitialized in this function
configure:19508: $? = 0
configure:19515: result: yes
configure:19523: checking for socklen_t
configure:19541: /opt/buildroot-gcc342/bin/mipsel-linux-gcc -c  -Os -Wall  conftest.c >&5
conftest.c: In function `main':
conftest.c:54: warning: unused variable `len'
configure:19541: $? = 0
configure:19549: result: yes
configure:19564: checking for vprintf
configure:19564: /opt/buildroot-gcc342/bin/mipsel-linux-gcc -o conftest  -Os -Wall   conftest.c  >&5
conftest.c:72: warning: conflicting types for built-in function 'vprintf'
configure:19564: $? = 0
configure:19564: result: yes
configure:19570: checking for _doprnt
configure:19570: /opt/buildroot-gcc342/bin/mipsel-linux-gcc -o conftest  -Os -Wall   conftest.c  >&5
/tmp/ccudk1xh.o: In function `main':conftest.c:(.text+0x18): undefined reference to `_doprnt'
collect2: ld returned 1 exit status
configure:19570: $? = 1
configure: failed program was:
| /* confdefs.h */
| #define PACKAGE_NAME "libupnp"
| #define PACKAGE_TARNAME "libupnp"
| #define PACKAGE_VERSION "1.6.6"
| #define PACKAGE_STRING "libupnp 1.6.6"
| #define PACKAGE_BUGREPORT "mroberto@users.sourceforge.net"
| #define PACKAGE_URL ""
| #define PACKAGE "libupnp"
| #define VERSION "1.6.6"
| #define UPNP_VERSION_STRING "1.6.6"
| #define UPNP_VERSION_MAJOR 1
| #define UPNP_VERSION_MINOR 6
| #define UPNP_VERSION_PATCH 6
| #define NO_DEBUG 1
| #define NDEBUG 1
| #define UPNP_HAVE_CLIENT 1
| #define UPNP_HAVE_DEVICE 1
| #define UPNP_HAVE_WEBSERVER 1
| #define UPNP_HAVE_TOOLS 1
| #define STDC_HEADERS 1
| #define HAVE_SYS_TYPES_H 1
| #define HAVE_SYS_STAT_H 1
| #define HAVE_STDLIB_H 1
| #define HAVE_STRING_H 1
| #define HAVE_MEMORY_H 1
| #define HAVE_STRINGS_H 1
| #define HAVE_INTTYPES_H 1
| #define HAVE_STDINT_H 1
| #define HAVE_UNISTD_H 1
| #define HAVE_DLFCN_H 1
| #define _LARGE_FILE_SOURCE /**/
| #define _FILE_OFFSET_BITS 64
| #define STDC_HEADERS 1
| #define HAVE_ARPA_INET_H 1
| #define HAVE_FCNTL_H 1
| #define HAVE_INTTYPES_H 1
| #define HAVE_LIMITS_H 1
| #define HAVE_NETDB_H 1
| #define HAVE_NETINET_IN_H 1
| #define HAVE_STDLIB_H 1
| #define HAVE_STRING_H 1
| #define HAVE_SYS_IOCTL_H 1
| #define HAVE_SYS_SOCKET_H 1
| #define HAVE_SYS_TIME_H 1
| #define HAVE_SYS_TIMEB_H 1
| #define HAVE_SYSLOG_H 1
| #define HAVE_UNISTD_H 1
| #define HAVE_VPRINTF 1
| /* end confdefs.h.  */
| /* Define _doprnt to an innocuous variant, in case <limits.h> declares _doprnt.
|    For example, HP-UX 11i <limits.h> declares gettimeofday.  */
| #define _doprnt innocuous__doprnt
| 
| /* System header to define __stub macros and hopefully few prototypes,
|     which can conflict with char _doprnt (); below.
|     Prefer <limits.h> to <assert.h> if __STDC__ is defined, since
|     <limits.h> exists even on freestanding compilers.  */
| 
| #ifdef __STDC__
| # include <limits.h>
| #else
| # include <assert.h>
| #endif
| 
| #undef _doprnt
| 
| /* Override any GCC internal prototype to avoid an error.
|    Use char because int might match the return type of a GCC
|    builtin and then its argument prototype would still apply.  */
| #ifdef __cplusplus
| extern "C"
| #endif
| char _doprnt ();
| /* The GNU C library defines this for functions which it implements
|     to always fail with ENOSYS.  Some functions are actually named
|     something starting with __ and the normal name is an alias.  */
| #if defined __stub__doprnt || defined __stub____doprnt
| choke me
| #endif
| 
| int
| main ()
| {
| return _doprnt ();
|   ;
|   return 0;
| }
configure:19570: result: no
configure:19581: checking for _LARGEFILE_SOURCE value needed for large files
configure:19600: /opt/buildroot-gcc342/bin/mipsel-linux-gcc -o conftest  -Os -Wall   conftest.c  >&5
conftest.c: In function `main':
conftest.c:55: error: `fseeko' undeclared (first use in this function)
conftest.c:55: error: (Each undeclared identifier is reported only once
conftest.c:55: error: for each function it appears in.)
conftest.c:56: warning: implicit declaration of function `fseeko'
configure:19600: $? = 1
configure: failed program was:
| /* confdefs.h */
| #define PACKAGE_NAME "libupnp"
| #define PACKAGE_TARNAME "libupnp"
| #define PACKAGE_VERSION "1.6.6"
| #define PACKAGE_STRING "libupnp 1.6.6"
| #define PACKAGE_BUGREPORT "mroberto@users.sourceforge.net"
| #define PACKAGE_URL ""
| #define PACKAGE "libupnp"
| #define VERSION "1.6.6"
| #define UPNP_VERSION_STRING "1.6.6"
| #define UPNP_VERSION_MAJOR 1
| #define UPNP_VERSION_MINOR 6
| #define UPNP_VERSION_PATCH 6
| #define NO_DEBUG 1
| #define NDEBUG 1
| #define UPNP_HAVE_CLIENT 1
| #define UPNP_HAVE_DEVICE 1
| #define UPNP_HAVE_WEBSERVER 1
| #define UPNP_HAVE_TOOLS 1
| #define STDC_HEADERS 1
| #define HAVE_SYS_TYPES_H 1
| #define HAVE_SYS_STAT_H 1
| #define HAVE_STDLIB_H 1
| #define HAVE_STRING_H 1
| #define HAVE_MEMORY_H 1
| #define HAVE_STRINGS_H 1
| #define HAVE_INTTYPES_H 1
| #define HAVE_STDINT_H 1
| #define HAVE_UNISTD_H 1
| #define HAVE_DLFCN_H 1
| #define _LARGE_FILE_SOURCE /**/
| #define _FILE_OFFSET_BITS 64
| #define STDC_HEADERS 1
| #define HAVE_ARPA_INET_H 1
| #define HAVE_FCNTL_H 1
| #define HAVE_INTTYPES_H 1
| #define HAVE_LIMITS_H 1
| #define HAVE_NETDB_H 1
| #define HAVE_NETINET_IN_H 1
| #define HAVE_STDLIB_H 1
| #define HAVE_STRING_H 1
| #define HAVE_SYS_IOCTL_H 1
| #define HAVE_SYS_SOCKET_H 1
| #define HAVE_SYS_TIME_H 1
| #define HAVE_SYS_TIMEB_H 1
| #define HAVE_SYSLOG_H 1
| #define HAVE_UNISTD_H 1
| #define HAVE_VPRINTF 1
| /* end confdefs.h.  */
| #include <sys/types.h> /* for off_t */
|      #include <stdio.h>
| int
| main ()
| {
| int (*fp) (FILE *, off_t, int) = fseeko;
|      return fseeko (stdin, 0, 0) && fp (stdin, 0, 0);
|   ;
|   return 0;
| }
configure:19619: /opt/buildroot-gcc342/bin/mipsel-linux-gcc -o conftest  -Os -Wall   conftest.c  >&5
configure:19619: $? = 0
configure:19628: result: 1
configure:19651: checking for ftime
configure:19651: /opt/buildroot-gcc342/bin/mipsel-linux-gcc -o conftest  -Os -Wall   conftest.c  >&5
configure:19651: $? = 0
configure:19651: result: yes
configure:19877: checking for the pthreads library -lpthreads
configure:19910: /opt/buildroot-gcc342/bin/mipsel-linux-gcc -o conftest  -Os -Wall    conftest.c -lpthreads  >&5
conftest.c: In function `main':
conftest.c:57: warning: 'th' might be used uninitialized in this function
/opt/buildroot-gcc342/bin/../lib/gcc/mipsel-linux-uclibc/3.4.2/../../../../mipsel-linux-uclibc/bin/ld: cannot find -lpthreads
collect2: ld returned 1 exit status
configure:19910: $? = 1
configure: failed program was:
| /* confdefs.h */
| #define PACKAGE_NAME "libupnp"
| #define PACKAGE_TARNAME "libupnp"
| #define PACKAGE_VERSION "1.6.6"
| #define PACKAGE_STRING "libupnp 1.6.6"
| #define PACKAGE_BUGREPORT "mroberto@users.sourceforge.net"
| #define PACKAGE_URL ""
| #define PACKAGE "libupnp"
| #define VERSION "1.6.6"
| #define UPNP_VERSION_STRING "1.6.6"
| #define UPNP_VERSION_MAJOR 1
| #define UPNP_VERSION_MINOR 6
| #define UPNP_VERSION_PATCH 6
| #define NO_DEBUG 1
| #define NDEBUG 1
| #define UPNP_HAVE_CLIENT 1
| #define UPNP_HAVE_DEVICE 1
| #define UPNP_HAVE_WEBSERVER 1
| #define UPNP_HAVE_TOOLS 1
| #define STDC_HEADERS 1
| #define HAVE_SYS_TYPES_H 1
| #define HAVE_SYS_STAT_H 1
| #define HAVE_STDLIB_H 1
| #define HAVE_STRING_H 1
| #define HAVE_MEMORY_H 1
| #define HAVE_STRINGS_H 1
| #define HAVE_INTTYPES_H 1
| #define HAVE_STDINT_H 1
| #define HAVE_UNISTD_H 1
| #define HAVE_DLFCN_H 1
| #define _LARGE_FILE_SOURCE /**/
| #define _FILE_OFFSET_BITS 64
| #define STDC_HEADERS 1
| #define HAVE_ARPA_INET_H 1
| #define HAVE_FCNTL_H 1
| #define HAVE_INTTYPES_H 1
| #define HAVE_LIMITS_H 1
| #define HAVE_NETDB_H 1
| #define HAVE_NETINET_IN_H 1
| #define HAVE_STDLIB_H 1
| #define HAVE_STRING_H 1
| #define HAVE_SYS_IOCTL_H 1
| #define HAVE_SYS_SOCKET_H 1
| #define HAVE_SYS_TIME_H 1
| #define HAVE_SYS_TIMEB_H 1
| #define HAVE_SYSLOG_H 1
| #define HAVE_UNISTD_H 1
| #define HAVE_VPRINTF 1
| #define _LARGEFILE_SOURCE 1
| #define HAVE_FSEEKO 1
| #define HAVE_FTIME 1
| /* end confdefs.h.  */
| #include <pthread.h>
| int
| main ()
| {
| pthread_t th; pthread_join(th, 0);
|                      pthread_attr_init(0); pthread_cleanup_push(0, 0);
|                      pthread_create(0,0,0,0); pthread_cleanup_pop(0);
|   ;
|   return 0;
| }
configure:19919: result: no
configure:19822: checking whether pthreads work without any flags
configure:19910: /opt/buildroot-gcc342/bin/mipsel-linux-gcc -o conftest  -Os -Wall    conftest.c   >&5
conftest.c: In function `main':
conftest.c:57: warning: 'th' might be used uninitialized in this function
/tmp/ccuI45JI.o: In function `main':conftest.c:(.text+0x18): undefined reference to `pthread_join'
:conftest.c:(.text+0x48): undefined reference to `_pthread_cleanup_push'
:conftest.c:(.text+0x60): undefined reference to `pthread_create'
:conftest.c:(.text+0x7c): undefined reference to `_pthread_cleanup_pop'
collect2: ld returned 1 exit status
configure:19910: $? = 1
configure: failed program was:
| /* confdefs.h */
| #define PACKAGE_NAME "libupnp"
| #define PACKAGE_TARNAME "libupnp"
| #define PACKAGE_VERSION "1.6.6"
| #define PACKAGE_STRING "libupnp 1.6.6"
| #define PACKAGE_BUGREPORT "mroberto@users.sourceforge.net"
| #define PACKAGE_URL ""
| #define PACKAGE "libupnp"
| #define VERSION "1.6.6"
| #define UPNP_VERSION_STRING "1.6.6"
| #define UPNP_VERSION_MAJOR 1
| #define UPNP_VERSION_MINOR 6
| #define UPNP_VERSION_PATCH 6
| #define NO_DEBUG 1
| #define NDEBUG 1
| #define UPNP_HAVE_CLIENT 1
| #define UPNP_HAVE_DEVICE 1
| #define UPNP_HAVE_WEBSERVER 1
| #define UPNP_HAVE_TOOLS 1
| #define STDC_HEADERS 1
| #define HAVE_SYS_TYPES_H 1
| #define HAVE_SYS_STAT_H 1
| #define HAVE_STDLIB_H 1
| #define HAVE_STRING_H 1
| #define HAVE_MEMORY_H 1
| #define HAVE_STRINGS_H 1
| #define HAVE_INTTYPES_H 1
| #define HAVE_STDINT_H 1
| #define HAVE_UNISTD_H 1
| #define HAVE_DLFCN_H 1
| #define _LARGE_FILE_SOURCE /**/
| #define _FILE_OFFSET_BITS 64
| #define STDC_HEADERS 1
| #define HAVE_ARPA_INET_H 1
| #define HAVE_FCNTL_H 1
| #define HAVE_INTTYPES_H 1
| #define HAVE_LIMITS_H 1
| #define HAVE_NETDB_H 1
| #define HAVE_NETINET_IN_H 1
| #define HAVE_STDLIB_H 1
| #define HAVE_STRING_H 1
| #define HAVE_SYS_IOCTL_H 1
| #define HAVE_SYS_SOCKET_H 1
| #define HAVE_SYS_TIME_H 1
| #define HAVE_SYS_TIMEB_H 1
| #define HAVE_SYSLOG_H 1
| #define HAVE_UNISTD_H 1
| #define HAVE_VPRINTF 1
| #define _LARGEFILE_SOURCE 1
| #define HAVE_FSEEKO 1
| #define HAVE_FTIME 1
| /* end confdefs.h.  */
| #include <pthread.h>
| int
| main ()
| {
| pthread_t th; pthread_join(th, 0);
|                      pthread_attr_init(0); pthread_cleanup_push(0, 0);
|                      pthread_create(0,0,0,0); pthread_cleanup_pop(0);
|   ;
|   return 0;
| }
configure:19919: result: no
configure:19827: checking whether pthreads work with -Kthread
configure:19910: /opt/buildroot-gcc342/bin/mipsel-linux-gcc -o conftest  -Os -Wall -Kthread   conftest.c   >&5
mipsel-linux-gcc: unrecognized option `-Kthread'
conftest.c: In function `main':
conftest.c:57: warning: 'th' might be used uninitialized in this function
/tmp/ccGk8HcP.o: In function `main':conftest.c:(.text+0x18): undefined reference to `pthread_join'
:conftest.c:(.text+0x48): undefined reference to `_pthread_cleanup_push'
:conftest.c:(.text+0x60): undefined reference to `pthread_create'
:conftest.c:(.text+0x7c): undefined reference to `_pthread_cleanup_pop'
collect2: ld returned 1 exit status
configure:19910: $? = 1
configure: failed program was:
| /* confdefs.h */
| #define PACKAGE_NAME "libupnp"
| #define PACKAGE_TARNAME "libupnp"
| #define PACKAGE_VERSION "1.6.6"
| #define PACKAGE_STRING "libupnp 1.6.6"
| #define PACKAGE_BUGREPORT "mroberto@users.sourceforge.net"
| #define PACKAGE_URL ""
| #define PACKAGE "libupnp"
| #define VERSION "1.6.6"
| #define UPNP_VERSION_STRING "1.6.6"
| #define UPNP_VERSION_MAJOR 1
| #define UPNP_VERSION_MINOR 6
| #define UPNP_VERSION_PATCH 6
| #define NO_DEBUG 1
| #define NDEBUG 1
| #define UPNP_HAVE_CLIENT 1
| #define UPNP_HAVE_DEVICE 1
| #define UPNP_HAVE_WEBSERVER 1
| #define UPNP_HAVE_TOOLS 1
| #define STDC_HEADERS 1
| #define HAVE_SYS_TYPES_H 1
| #define HAVE_SYS_STAT_H 1
| #define HAVE_STDLIB_H 1
| #define HAVE_STRING_H 1
| #define HAVE_MEMORY_H 1
| #define HAVE_STRINGS_H 1
| #define HAVE_INTTYPES_H 1
| #define HAVE_STDINT_H 1
| #define HAVE_UNISTD_H 1
| #define HAVE_DLFCN_H 1
| #define _LARGE_FILE_SOURCE /**/
| #define _FILE_OFFSET_BITS 64
| #define STDC_HEADERS 1
| #define HAVE_ARPA_INET_H 1
| #define HAVE_FCNTL_H 1
| #define HAVE_INTTYPES_H 1
| #define HAVE_LIMITS_H 1
| #define HAVE_NETDB_H 1
| #define HAVE_NETINET_IN_H 1
| #define HAVE_STDLIB_H 1
| #define HAVE_STRING_H 1
| #define HAVE_SYS_IOCTL_H 1
| #define HAVE_SYS_SOCKET_H 1
| #define HAVE_SYS_TIME_H 1
| #define HAVE_SYS_TIMEB_H 1
| #define HAVE_SYSLOG_H 1
| #define HAVE_UNISTD_H 1
| #define HAVE_VPRINTF 1
| #define _LARGEFILE_SOURCE 1
| #define HAVE_FSEEKO 1
| #define HAVE_FTIME 1
| /* end confdefs.h.  */
| #include <pthread.h>
| int
| main ()
| {
| pthread_t th; pthread_join(th, 0);
|                      pthread_attr_init(0); pthread_cleanup_push(0, 0);
|                      pthread_create(0,0,0,0); pthread_cleanup_pop(0);
|   ;
|   return 0;
| }
configure:19919: result: no
configure:19827: checking whether pthreads work with -kthread
configure:19910: /opt/buildroot-gcc342/bin/mipsel-linux-gcc -o conftest  -Os -Wall -kthread   conftest.c   >&5
mipsel-linux-gcc: unrecognized option `-kthread'
conftest.c: In function `main':
conftest.c:57: warning: 'th' might be used uninitialized in this function
/tmp/cciGqvXR.o: In function `main':conftest.c:(.text+0x18): undefined reference to `pthread_join'
:conftest.c:(.text+0x48): undefined reference to `_pthread_cleanup_push'
:conftest.c:(.text+0x60): undefined reference to `pthread_create'
:conftest.c:(.text+0x7c): undefined reference to `_pthread_cleanup_pop'
collect2: ld returned 1 exit status
configure:19910: $? = 1
configure: failed program was:
| /* confdefs.h */
| #define PACKAGE_NAME "libupnp"
| #define PACKAGE_TARNAME "libupnp"
| #define PACKAGE_VERSION "1.6.6"
| #define PACKAGE_STRING "libupnp 1.6.6"
| #define PACKAGE_BUGREPORT "mroberto@users.sourceforge.net"
| #define PACKAGE_URL ""
| #define PACKAGE "libupnp"
| #define VERSION "1.6.6"
| #define UPNP_VERSION_STRING "1.6.6"
| #define UPNP_VERSION_MAJOR 1
| #define UPNP_VERSION_MINOR 6
| #define UPNP_VERSION_PATCH 6
| #define NO_DEBUG 1
| #define NDEBUG 1
| #define UPNP_HAVE_CLIENT 1
| #define UPNP_HAVE_DEVICE 1
| #define UPNP_HAVE_WEBSERVER 1
| #define UPNP_HAVE_TOOLS 1
| #define STDC_HEADERS 1
| #define HAVE_SYS_TYPES_H 1
| #define HAVE_SYS_STAT_H 1
| #define HAVE_STDLIB_H 1
| #define HAVE_STRING_H 1
| #define HAVE_MEMORY_H 1
| #define HAVE_STRINGS_H 1
| #define HAVE_INTTYPES_H 1
| #define HAVE_STDINT_H 1
| #define HAVE_UNISTD_H 1
| #define HAVE_DLFCN_H 1
| #define _LARGE_FILE_SOURCE /**/
| #define _FILE_OFFSET_BITS 64
| #define STDC_HEADERS 1
| #define HAVE_ARPA_INET_H 1
| #define HAVE_FCNTL_H 1
| #define HAVE_INTTYPES_H 1
| #define HAVE_LIMITS_H 1
| #define HAVE_NETDB_H 1
| #define HAVE_NETINET_IN_H 1
| #define HAVE_STDLIB_H 1
| #define HAVE_STRING_H 1
| #define HAVE_SYS_IOCTL_H 1
| #define HAVE_SYS_SOCKET_H 1
| #define HAVE_SYS_TIME_H 1
| #define HAVE_SYS_TIMEB_H 1
| #define HAVE_SYSLOG_H 1
| #define HAVE_UNISTD_H 1
| #define HAVE_VPRINTF 1
| #define _LARGEFILE_SOURCE 1
| #define HAVE_FSEEKO 1
| #define HAVE_FTIME 1
| /* end confdefs.h.  */
| #include <pthread.h>
| int
| main ()
| {
| pthread_t th; pthread_join(th, 0);
|                      pthread_attr_init(0); pthread_cleanup_push(0, 0);
|                      pthread_create(0,0,0,0); pthread_cleanup_pop(0);
|   ;
|   return 0;
| }
configure:19919: result: no
configure:19877: checking for the pthreads library -llthread
configure:19910: /opt/buildroot-gcc342/bin/mipsel-linux-gcc -o conftest  -Os -Wall    conftest.c -llthread  >&5
conftest.c: In function `main':
conftest.c:57: warning: 'th' might be used uninitialized in this function
/opt/buildroot-gcc342/bin/../lib/gcc/mipsel-linux-uclibc/3.4.2/../../../../mipsel-linux-uclibc/bin/ld: cannot find -llthread
collect2: ld returned 1 exit status
configure:19910: $? = 1
configure: failed program was:
| /* confdefs.h */
| #define PACKAGE_NAME "libupnp"
| #define PACKAGE_TARNAME "libupnp"
| #define PACKAGE_VERSION "1.6.6"
| #define PACKAGE_STRING "libupnp 1.6.6"
| #define PACKAGE_BUGREPORT "mroberto@users.sourceforge.net"
| #define PACKAGE_URL ""
| #define PACKAGE "libupnp"
| #define VERSION "1.6.6"
| #define UPNP_VERSION_STRING "1.6.6"
| #define UPNP_VERSION_MAJOR 1
| #define UPNP_VERSION_MINOR 6
| #define UPNP_VERSION_PATCH 6
| #define NO_DEBUG 1
| #define NDEBUG 1
| #define UPNP_HAVE_CLIENT 1
| #define UPNP_HAVE_DEVICE 1
| #define UPNP_HAVE_WEBSERVER 1
| #define UPNP_HAVE_TOOLS 1
| #define STDC_HEADERS 1
| #define HAVE_SYS_TYPES_H 1
| #define HAVE_SYS_STAT_H 1
| #define HAVE_STDLIB_H 1
| #define HAVE_STRING_H 1
| #define HAVE_MEMORY_H 1
| #define HAVE_STRINGS_H 1
| #define HAVE_INTTYPES_H 1
| #define HAVE_STDINT_H 1
| #define HAVE_UNISTD_H 1
| #define HAVE_DLFCN_H 1
| #define _LARGE_FILE_SOURCE /**/
| #define _FILE_OFFSET_BITS 64
| #define STDC_HEADERS 1
| #define HAVE_ARPA_INET_H 1
| #define HAVE_FCNTL_H 1
| #define HAVE_INTTYPES_H 1
| #define HAVE_LIMITS_H 1
| #define HAVE_NETDB_H 1
| #define HAVE_NETINET_IN_H 1
| #define HAVE_STDLIB_H 1
| #define HAVE_STRING_H 1
| #define HAVE_SYS_IOCTL_H 1
| #define HAVE_SYS_SOCKET_H 1
| #define HAVE_SYS_TIME_H 1
| #define HAVE_SYS_TIMEB_H 1
| #define HAVE_SYSLOG_H 1
| #define HAVE_UNISTD_H 1
| #define HAVE_VPRINTF 1
| #define _LARGEFILE_SOURCE 1
| #define HAVE_FSEEKO 1
| #define HAVE_FTIME 1
| /* end confdefs.h.  */
| #include <pthread.h>
| int
| main ()
| {
| pthread_t th; pthread_join(th, 0);
|                      pthread_attr_init(0); pthread_cleanup_push(0, 0);
|                      pthread_create(0,0,0,0); pthread_cleanup_pop(0);
|   ;
|   return 0;
| }
configure:19919: result: no
configure:19827: checking whether pthreads work with -pthread
configure:19910: /opt/buildroot-gcc342/bin/mipsel-linux-gcc -o conftest  -Os -Wall -pthread   conftest.c   >&5
conftest.c: In function `main':
conftest.c:57: warning: 'th' might be used uninitialized in this function
configure:19910: $? = 0
configure:19919: result: yes
configure:19938: checking for joinable pthread attribute
configure:19953: /opt/buildroot-gcc342/bin/mipsel-linux-gcc -o conftest  -Os -Wall -pthread   conftest.c   >&5
configure:19953: $? = 0
configure:19959: result: PTHREAD_CREATE_JOINABLE
configure:19969: checking if more special flags are required for pthreads
configure:19976: result: no
configure:20068: checking if pthread_rwlock_t is available
configure:20087: /opt/buildroot-gcc342/bin/mipsel-linux-gcc -c -pthread  -Os -Wall  conftest.c >&5
conftest.c: In function `main':
conftest.c:58: error: `pthread_rwlock_t' undeclared (first use in this function)
conftest.c:58: error: (Each undeclared identifier is reported only once
conftest.c:58: error: for each function it appears in.)
conftest.c:58: error: `x' undeclared (first use in this function)
configure:20087: $? = 1
configure: failed program was:
| /* confdefs.h */
| #define PACKAGE_NAME "libupnp"
| #define PACKAGE_TARNAME "libupnp"
| #define PACKAGE_VERSION "1.6.6"
| #define PACKAGE_STRING "libupnp 1.6.6"
| #define PACKAGE_BUGREPORT "mroberto@users.sourceforge.net"
| #define PACKAGE_URL ""
| #define PACKAGE "libupnp"
| #define VERSION "1.6.6"
| #define UPNP_VERSION_STRING "1.6.6"
| #define UPNP_VERSION_MAJOR 1
| #define UPNP_VERSION_MINOR 6
| #define UPNP_VERSION_PATCH 6
| #define NO_DEBUG 1
| #define NDEBUG 1
| #define UPNP_HAVE_CLIENT 1
| #define UPNP_HAVE_DEVICE 1
| #define UPNP_HAVE_WEBSERVER 1
| #define UPNP_HAVE_TOOLS 1
| #define STDC_HEADERS 1
| #define HAVE_SYS_TYPES_H 1
| #define HAVE_SYS_STAT_H 1
| #define HAVE_STDLIB_H 1
| #define HAVE_STRING_H 1
| #define HAVE_MEMORY_H 1
| #define HAVE_STRINGS_H 1
| #define HAVE_INTTYPES_H 1
| #define HAVE_STDINT_H 1
| #define HAVE_UNISTD_H 1
| #define HAVE_DLFCN_H 1
| #define _LARGE_FILE_SOURCE /**/
| #define _FILE_OFFSET_BITS 64
| #define STDC_HEADERS 1
| #define HAVE_ARPA_INET_H 1
| #define HAVE_FCNTL_H 1
| #define HAVE_INTTYPES_H 1
| #define HAVE_LIMITS_H 1
| #define HAVE_NETDB_H 1
| #define HAVE_NETINET_IN_H 1
| #define HAVE_STDLIB_H 1
| #define HAVE_STRING_H 1
| #define HAVE_SYS_IOCTL_H 1
| #define HAVE_SYS_SOCKET_H 1
| #define HAVE_SYS_TIME_H 1
| #define HAVE_SYS_TIMEB_H 1
| #define HAVE_SYSLOG_H 1
| #define HAVE_UNISTD_H 1
| #define HAVE_VPRINTF 1
| #define _LARGEFILE_SOURCE 1
| #define HAVE_FSEEKO 1
| #define HAVE_FTIME 1
| #define HAVE_PTHREAD 1
| /* end confdefs.h.  */
| #include <pthread.h>
| int
| main ()
| {
| pthread_rwlock_t *x;
|   ;
|   return 0;
| }
configure:20106: /opt/buildroot-gcc342/bin/mipsel-linux-gcc -c -pthread  -Os -Wall  conftest.c >&5
conftest.c: In function `main':
conftest.c:59: warning: unused variable `x'
configure:20106: $? = 0
configure:20111: result: yes, definition of _GNU_SOURCE required
configure:20277: creating ./config.status

## ---------------- ##
## Cache variables. ##
## ---------------- ##

ac_cv_build=x86_64-unknown-linux-gnu
ac_cv_c_compiler_gnu=yes
ac_cv_c_const=yes
ac_cv_cflags_gcc_option__Os=-Os
ac_cv_cflags_warn_all=-Wall
ac_cv_cxx_compiler_gnu=yes
ac_cv_env_CCC_set=
ac_cv_env_CCC_value=
ac_cv_env_CC_set=set
ac_cv_env_CC_value=/opt/buildroot-gcc342/bin/mipsel-linux-gcc
ac_cv_env_CFLAGS_set=set
ac_cv_env_CFLAGS_value=
ac_cv_env_CPPFLAGS_set=
ac_cv_env_CPPFLAGS_value=
ac_cv_env_CPP_set=
ac_cv_env_CPP_value=
ac_cv_env_CXXCPP_set=
ac_cv_env_CXXCPP_value=
ac_cv_env_CXXFLAGS_set=
ac_cv_env_CXXFLAGS_value=
ac_cv_env_CXX_set=set
ac_cv_env_CXX_value=
ac_cv_env_F77_set=
ac_cv_env_F77_value=
ac_cv_env_FFLAGS_set=
ac_cv_env_FFLAGS_value=
ac_cv_env_LDFLAGS_set=
ac_cv_env_LDFLAGS_value=
ac_cv_env_LIBS_set=
ac_cv_env_LIBS_value=
ac_cv_env_build_alias_set=
ac_cv_env_build_alias_value=
ac_cv_env_host_alias_set=set
ac_cv_env_host_alias_value=mipsel-linux
ac_cv_env_target_alias_set=
ac_cv_env_target_alias_value=
ac_cv_f77_compiler_gnu=no
ac_cv_func__doprnt=no
ac_cv_func_ftime=yes
ac_cv_func_vprintf=yes
ac_cv_header_arpa_inet_h=yes
ac_cv_header_dlfcn_h=yes
ac_cv_header_fcntl_h=yes
ac_cv_header_inttypes_h=yes
ac_cv_header_limits_h=yes
ac_cv_header_memory_h=yes
ac_cv_header_netdb_h=yes
ac_cv_header_netinet_in_h=yes
ac_cv_header_stdc=yes
ac_cv_header_stdint_h=yes
ac_cv_header_stdlib_h=yes
ac_cv_header_string_h=yes
ac_cv_header_strings_h=yes
ac_cv_header_sys_ioctl_h=yes
ac_cv_header_sys_socket_h=yes
ac_cv_header_sys_stat_h=yes
ac_cv_header_sys_time_h=yes
ac_cv_header_sys_timeb_h=yes
ac_cv_header_sys_types_h=yes
ac_cv_header_syslog_h=yes
ac_cv_header_unistd_h=yes
ac_cv_host=mipsel-unknown-linux-gnu
ac_cv_objext=o
ac_cv_path_EGREP='/bin/grep -E'
ac_cv_path_GREP=/bin/grep
ac_cv_path_install='/usr/bin/install -c'
ac_cv_prog_AR=mipsel-linux-ar
ac_cv_prog_AWK=gawk
ac_cv_prog_CC=/opt/buildroot-gcc342/bin/mipsel-linux-gcc
ac_cv_prog_CPP='/opt/buildroot-gcc342/bin/mipsel-linux-gcc -E'
ac_cv_prog_CXX=mipsel-linux-g++
ac_cv_prog_CXXCPP='mipsel-linux-g++ -E'
ac_cv_prog_RANLIB=mipsel-linux-ranlib
ac_cv_prog_STRIP=mipsel-linux-strip
ac_cv_prog_cc__opt_buildroot_gcc342_bin_mipsel_linux_gcc_c_o=yes
ac_cv_prog_cc_c89=
ac_cv_prog_cc_g=yes
ac_cv_prog_cxx_g=yes
ac_cv_prog_f77_g=no
ac_cv_prog_make_make_set=yes
ac_cv_sys_largefile_source=1
ac_cv_type_off_t=yes
ac_cv_type_size_t=yes
ac_cv_type_socklen_t=yes
am_cv_CC_dependencies_compiler_type=gcc3
am_cv_CXX_dependencies_compiler_type=gcc3
lt_cv_deplibs_check_method=pass_all
lt_cv_file_magic_cmd='$MAGIC_CMD'
lt_cv_file_magic_test_file=
lt_cv_ld_reload_flag=-r
lt_cv_objdir=.libs
lt_cv_path_LD='"/opt/buildroot-gcc342/bin"/mipsel-linux-uclibc-ld'
lt_cv_path_LDCXX='"/opt/buildroot-gcc342/bin"/mipsel-linux-uclibc-ld'
lt_cv_path_NM='/opt/buildroot-gcc342/bin/mipsel-linux-nm -B'
lt_cv_path_SED=/bin/sed
lt_cv_prog_compiler_c_o=yes
lt_cv_prog_compiler_c_o_CXX=yes
lt_cv_prog_compiler_rtti_exceptions=no
lt_cv_prog_gnu_ld=no
lt_cv_prog_gnu_ldcxx=no
lt_cv_sys_global_symbol_pipe='sed -n -e '\''s/^.*[ 	]\([ABCDGIRSTW][ABCDGIRSTW]*\)[ 	][ 	]*\([_A-Za-z][_A-Za-z0-9]*\)$/\1 \2 \2/p'\'''
lt_cv_sys_global_symbol_to_c_name_address='sed -n -e '\''s/^: \([^ ]*\) $/  {\"\1\", (lt_ptr) 0},/p'\'' -e '\''s/^[BCDEGRST] \([^ ]*\) \([^ ]*\)$/  {"\2", (lt_ptr) \&\2},/p'\'''
lt_cv_sys_global_symbol_to_cdecl='sed -n -e '\''s/^. .* \(.*\)$/extern int \1;/p'\'''
lt_cv_sys_max_cmd_len=32768
lt_lt_cv_prog_compiler_c_o='"yes"'
lt_lt_cv_prog_compiler_c_o_CXX='"yes"'
lt_lt_cv_sys_global_symbol_pipe='"sed -n -e '\''s/^.*[ 	]\\([ABCDGIRSTW][ABCDGIRSTW]*\\)[ 	][ 	]*\\([_A-Za-z][_A-Za-z0-9]*\\)\$/\\1 \\2 \\2/p'\''"'
lt_lt_cv_sys_global_symbol_to_c_name_address='"sed -n -e '\''s/^: \\([^ ]*\\) \$/  {\\\"\\1\\\", (lt_ptr) 0},/p'\'' -e '\''s/^[BCDEGRST] \\([^ ]*\\) \\([^ ]*\\)\$/  {\"\\2\", (lt_ptr) \\&\\2},/p'\''"'
lt_lt_cv_sys_global_symbol_to_cdecl='"sed -n -e '\''s/^. .* \\(.*\\)\$/extern int \\1;/p'\''"'

## ----------------- ##
## Output variables. ##
## ----------------- ##

ACLOCAL='${SHELL} /home/steven/rt3352/RT288x_SDK_DLNA/source/lib/libupnp-1.6.6-dms/build-aux/missing --run aclocal-1.9'
AMDEPBACKSLASH='\'
AMDEP_FALSE='#'
AMDEP_TRUE=''
AMTAR='${SHELL} /home/steven/rt3352/RT288x_SDK_DLNA/source/lib/libupnp-1.6.6-dms/build-aux/missing --run tar'
AR='mipsel-linux-ar'
AUTOCONF='${SHELL} /home/steven/rt3352/RT288x_SDK_DLNA/source/lib/libupnp-1.6.6-dms/build-aux/missing --run autoconf'
AUTOHEADER='${SHELL} /home/steven/rt3352/RT288x_SDK_DLNA/source/lib/libupnp-1.6.6-dms/build-aux/missing --run autoheader'
AUTOMAKE='${SHELL} /home/steven/rt3352/RT288x_SDK_DLNA/source/lib/libupnp-1.6.6-dms/build-aux/missing --run automake-1.9'
AWK='gawk'
CC='/opt/buildroot-gcc342/bin/mipsel-linux-gcc'
CCDEPMODE='depmode=gcc3'
CFLAGS='-pthread  -Os -Wall'
CPP='/opt/buildroot-gcc342/bin/mipsel-linux-gcc -E'
CPPFLAGS=' -D_GNU_SOURCE'
CXX='mipsel-linux-g++'
CXXCPP='mipsel-linux-g++ -E'
CXXDEPMODE='depmode=gcc3'
CXXFLAGS='-g -O2'
CYGPATH_W='echo'
DEFS='-DHAVE_CONFIG_H'
DEPDIR='.deps'
ECHO='echo'
ECHO_C=''
ECHO_N='-n'
ECHO_T=''
EGREP='/bin/grep -E'
ENABLE_CLIENT_FALSE='#'
ENABLE_CLIENT_TRUE=''
ENABLE_DEBUG_FALSE=''
ENABLE_DEBUG_TRUE='#'
ENABLE_DEVICE_FALSE='#'
ENABLE_DEVICE_TRUE=''
ENABLE_SAMPLES_FALSE='#'
ENABLE_SAMPLES_TRUE=''
ENABLE_TOOLS_FALSE='#'
ENABLE_TOOLS_TRUE=''
ENABLE_WEBSERVER_FALSE='#'
ENABLE_WEBSERVER_TRUE=''
EXEEXT=''
F77=''
FFLAGS=''
GREP='/bin/grep'
INSTALL_DATA='${INSTALL} -m 644'
INSTALL_PROGRAM='${INSTALL}'
INSTALL_SCRIPT='${INSTALL}'
INSTALL_STRIP_PROGRAM='${SHELL} $(install_sh) -c -s'
LDFLAGS=''
LIBOBJS=''
LIBS=' '
LIBTOOL='$(SHELL) $(top_builddir)/libtool'
LN_S='ln -s'
LTLIBOBJS=''
LT_VERSION_IXML='2:4:0'
LT_VERSION_THREADUTIL='4:3:2'
LT_VERSION_UPNP='3:5:0'
MAKEINFO='${SHELL} /home/steven/rt3352/RT288x_SDK_DLNA/source/lib/libupnp-1.6.6-dms/build-aux/missing --run makeinfo'
OBJEXT='o'
PACKAGE='libupnp'
PACKAGE_BUGREPORT='mroberto@users.sourceforge.net'
PACKAGE_NAME='libupnp'
PACKAGE_STRING='libupnp 1.6.6'
PACKAGE_TARNAME='libupnp'
PACKAGE_URL=''
PACKAGE_VERSION='1.6.6'
PATH_SEPARATOR=':'
PTHREAD_CC='/opt/buildroot-gcc342/bin/mipsel-linux-gcc'
PTHREAD_CFLAGS='-pthread'
PTHREAD_LIBS=''
RANLIB='mipsel-linux-ranlib'
SET_MAKE=''
SHELL='/bin/sh'
STRIP='mipsel-linux-strip'
VERSION='1.6.6'
WITH_DOCUMENTATION_FALSE=''
WITH_DOCUMENTATION_TRUE='#'
ac_ct_CC=''
ac_ct_CXX=''
ac_ct_F77=''
acx_pthread_config=''
am__fastdepCC_FALSE='#'
am__fastdepCC_TRUE=''
am__fastdepCXX_FALSE='#'
am__fastdepCXX_TRUE=''
am__include='include'
am__leading_dot='.'
am__quote=''
am__tar='${AMTAR} chof - "$$tardir"'
am__untar='${AMTAR} xf -'
bindir='${exec_prefix}/bin'
build='x86_64-unknown-linux-gnu'
build_alias=''
build_cpu='x86_64'
build_os='linux-gnu'
build_vendor='unknown'
datadir='${datarootdir}'
datarootdir='${prefix}/share'
docdir='${datarootdir}/doc/libupnp-1.6.6'
dvidir='${docdir}'
exec_prefix='${prefix}'
host='mipsel-unknown-linux-gnu'
host_alias='mipsel-linux'
host_cpu='mipsel'
host_os='linux-gnu'
host_vendor='unknown'
htmldir='${docdir}'
includedir='${prefix}/include'
infodir='${datarootdir}/info'
install_sh='/home/steven/rt3352/RT288x_SDK_DLNA/source/lib/libupnp-1.6.6-dms/build-aux/install-sh'
libdir='${exec_prefix}/lib'
libexecdir='${exec_prefix}/libexec'
localedir='${datarootdir}/locale'
localstatedir='${prefix}/var'
mandir='${datarootdir}/man'
mkdir_p='mkdir -p --'
oldincludedir='/usr/include'
pdfdir='${docdir}'
prefix='/usr/local'
program_transform_name='s,x,x,'
psdir='${docdir}'
sbindir='${exec_prefix}/sbin'
sharedstatedir='${prefix}/com'
sysconfdir='${prefix}/etc'
target_alias=''

## ----------- ##
## confdefs.h. ##
## ----------- ##

/* confdefs.h */
#define PACKAGE_NAME "libupnp"
#define PACKAGE_TARNAME "libupnp"
#define PACKAGE_VERSION "1.6.6"
#define PACKAGE_STRING "libupnp 1.6.6"
#define PACKAGE_BUGREPORT "mroberto@users.sourceforge.net"
#define PACKAGE_URL ""
#define PACKAGE "libupnp"
#define VERSION "1.6.6"
#define UPNP_VERSION_STRING "1.6.6"
#define UPNP_VERSION_MAJOR 1
#define UPNP_VERSION_MINOR 6
#define UPNP_VERSION_PATCH 6
#define NO_DEBUG 1
#define NDEBUG 1
#define UPNP_HAVE_CLIENT 1
#define UPNP_HAVE_DEVICE 1
#define UPNP_HAVE_WEBSERVER 1
#define UPNP_HAVE_TOOLS 1
#define STDC_HEADERS 1
#define HAVE_SYS_TYPES_H 1
#define HAVE_SYS_STAT_H 1
#define HAVE_STDLIB_H 1
#define HAVE_STRING_H 1
#define HAVE_MEMORY_H 1
#define HAVE_STRINGS_H 1
#define HAVE_INTTYPES_H 1
#define HAVE_STDINT_H 1
#define HAVE_UNISTD_H 1
#define HAVE_DLFCN_H 1
#define _LARGE_FILE_SOURCE /**/
#define _FILE_OFFSET_BITS 64
#define STDC_HEADERS 1
#define HAVE_ARPA_INET_H 1
#define HAVE_FCNTL_H 1
#define HAVE_INTTYPES_H 1
#define HAVE_LIMITS_H 1
#define HAVE_NETDB_H 1
#define HAVE_NETINET_IN_H 1
#define HAVE_STDLIB_H 1
#define HAVE_STRING_H 1
#define HAVE_SYS_IOCTL_H 1
#define HAVE_SYS_SOCKET_H 1
#define HAVE_SYS_TIME_H 1
#define HAVE_SYS_TIMEB_H 1
#define HAVE_SYSLOG_H 1
#define HAVE_UNISTD_H 1
#define HAVE_VPRINTF 1
#define _LARGEFILE_SOURCE 1
#define HAVE_FSEEKO 1
#define HAVE_FTIME 1
#define HAVE_PTHREAD 1
#define UPNP_USE_RWLOCK 1

configure: exit 0

## ---------------------- ##
## Running config.status. ##
## ---------------------- ##

This file was extended by libupnp config.status 1.6.6, which was
generated by GNU Autoconf 2.65.  Invocation command line was

  CONFIG_FILES    = 
  CONFIG_HEADERS  = 
  CONFIG_LINKS    = 
  CONFIG_COMMANDS = 
  $ ./config.status 

on worker

config.status:932: creating Makefile
config.status:932: creating ixml/Makefile
config.status:932: creating ixml/doc/Makefile
config.status:932: creating threadutil/Makefile
config.status:932: creating upnp/Makefile
config.status:932: creating upnp/doc/Makefile
config.status:932: creating upnp/sample/Makefile
config.status:932: creating docs/dist/Makefile
config.status:932: creating libupnp.pc
config.status:932: creating autoconfig.h
config.status:1098: autoconfig.h is unchanged
config.status:932: creating upnp/inc/upnpconfig.h
config.status:1098: upnp/inc/upnpconfig.h is unchanged
config.status:1145: executing depfiles commands
